Scanning dependencies of target buildInfoamrwind_obj
[  0%] Building CXX object amr-wind/CMakeFiles/buildInfoamrwind_obj.dir/__/amrwind_obj/AMReX_buildInfo.cpp.o
Scanning dependencies of target gtest
[  1%] Building CXX object submods/googletest/googletest/CMakeFiles/gtest.dir/src/gtest-all.cc.o
[  2%] Linking CXX static library libbuildInfoamrwind_obj.a
[  2%] Built target buildInfoamrwind_obj
Scanning dependencies of target amrex
[  2%] Building CUDA object submods/amrex/Src/CMakeFiles/amrex.dir/Base/AMReX_BlockMutex.cpp.o
[  3%] Building CUDA object submods/amrex/Src/CMakeFiles/amrex.dir/Base/AMReX_ParmParse.cpp.o
[  3%] Building CUDA object submods/amrex/Src/CMakeFiles/amrex.dir/Base/AMReX_error_fi.cpp.o
[  4%] Building CUDA object submods/amrex/Src/CMakeFiles/amrex.dir/Base/AMReX.cpp.o
[  4%] Building CUDA object submods/amrex/Src/CMakeFiles/amrex.dir/Base/AMReX_DistributionMapping.cpp.o
[  4%] Building CUDA object submods/amrex/Src/CMakeFiles/amrex.dir/Base/AMReX_Random.cpp.o
[  4%] Building CUDA object submods/amrex/Src/CMakeFiles/amrex.dir/Base/AMReX_VisMF.cpp.o
[  4%] Building CUDA object submods/amrex/Src/CMakeFiles/amrex.dir/Base/AMReX_Utility.cpp.o
[  4%] Building CUDA object submods/amrex/Src/CMakeFiles/amrex.dir/Base/AMReX_FileSystem.cpp.o
[  5%] Building CUDA object submods/amrex/Src/CMakeFiles/amrex.dir/Base/AMReX_parmparse_fi.cpp.o
[  5%] Building CUDA object submods/amrex/Src/CMakeFiles/amrex.dir/Base/AMReX_ParallelDescriptor.cpp.o
[  5%] Building CUDA object submods/amrex/Src/CMakeFiles/amrex.dir/Base/AMReX_ParallelContext.cpp.o
[  7%] Building CUDA object submods/amrex/Src/CMakeFiles/amrex.dir/Base/AMReX_AsyncOut.cpp.o
[  7%] Building CUDA object submods/amrex/Src/CMakeFiles/amrex.dir/Base/AMReX_ForkJoin.cpp.o
[  7%] Building CUDA object submods/amrex/Src/CMakeFiles/amrex.dir/Base/AMReX_BackgroundThread.cpp.o
[  7%] Building CUDA object submods/amrex/Src/CMakeFiles/amrex.dir/Base/AMReX_Arena.cpp.o
[  7%] Building CUDA object submods/amrex/Src/CMakeFiles/amrex.dir/Base/AMReX_BArena.cpp.o
[  8%] Building CUDA object submods/amrex/Src/CMakeFiles/amrex.dir/Base/AMReX_CArena.cpp.o
[  8%] Building CUDA object submods/amrex/Src/CMakeFiles/amrex.dir/Base/AMReX_DArena.cpp.o
[  8%] Building CUDA object submods/amrex/Src/CMakeFiles/amrex.dir/Base/AMReX_EArena.cpp.o
[  9%] Building CUDA object submods/amrex/Src/CMakeFiles/amrex.dir/Base/AMReX_PArena.cpp.o
[  9%] Building CUDA object submods/amrex/Src/CMakeFiles/amrex.dir/Base/AMReX_NFiles.cpp.o
[  9%] Building CUDA object submods/amrex/Src/CMakeFiles/amrex.dir/Base/AMReX_parstream.cpp.o
[  9%] Building CUDA object submods/amrex/Src/CMakeFiles/amrex.dir/Base/AMReX_FabConv.cpp.o
[ 10%] Building CUDA object submods/amrex/Src/CMakeFiles/amrex.dir/Base/AMReX_FPC.cpp.o
[ 10%] Building CUDA object submods/amrex/Src/CMakeFiles/amrex.dir/Base/AMReX_VectorIO.cpp.o
[ 10%] Building CUDA object submods/amrex/Src/CMakeFiles/amrex.dir/Base/AMReX_IntConv.cpp.o
[ 11%] Building CUDA object submods/amrex/Src/CMakeFiles/amrex.dir/Base/AMReX_Box.cpp.o
[ 11%] Building CUDA object submods/amrex/Src/CMakeFiles/amrex.dir/Base/AMReX_BoxIterator.cpp.o
[ 11%] Linking CXX static library ../../../lib/libgtest.a
[ 11%] Built target gtest
[ 11%] Building CUDA object submods/amrex/Src/CMakeFiles/amrex.dir/Base/AMReX_IntVect.cpp.o
Scanning dependencies of target gmock
[ 11%] Building CXX object submods/googletest/googlemock/CMakeFiles/gmock.dir/src/gmock-all.cc.o
Scanning dependencies of target gtest_main
[ 11%] Building CXX object submods/googletest/googletest/CMakeFiles/gtest_main.dir/src/gtest_main.cc.o
[ 12%] Building CUDA object submods/amrex/Src/CMakeFiles/amrex.dir/Base/AMReX_IndexType.cpp.o
[ 12%] Building CUDA object submods/amrex/Src/CMakeFiles/amrex.dir/Base/AMReX_Orientation.cpp.o
[ 12%] Building CUDA object submods/amrex/Src/CMakeFiles/amrex.dir/Base/AMReX_Periodicity.cpp.o
[ 12%] Building CUDA object submods/amrex/Src/CMakeFiles/amrex.dir/Base/AMReX_RealBox.cpp.o
[ 13%] Building CUDA object submods/amrex/Src/CMakeFiles/amrex.dir/Base/AMReX_RealVect.cpp.o
[ 13%] Building CUDA object submods/amrex/Src/CMakeFiles/amrex.dir/Base/AMReX_BoxList.cpp.o
[ 13%] Building CUDA object submods/amrex/Src/CMakeFiles/amrex.dir/Base/AMReX_BoxArray.cpp.o
[ 14%] Linking CXX static library ../../../lib/libgtest_main.a
[ 14%] Built target gtest_main
[ 15%] Building CUDA object submods/amrex/Src/CMakeFiles/amrex.dir/Base/AMReX_BoxDomain.cpp.o
[ 15%] Building CUDA object submods/amrex/Src/CMakeFiles/amrex.dir/Base/AMReX_FArrayBox.cpp.o
[ 15%] Building CUDA object submods/amrex/Src/CMakeFiles/amrex.dir/Base/AMReX_IArrayBox.cpp.o
[ 16%] Building CUDA object submods/amrex/Src/CMakeFiles/amrex.dir/Base/AMReX_BaseFab.cpp.o
[ 16%] Building CUDA object submods/amrex/Src/CMakeFiles/amrex.dir/Base/AMReX_MultiFab.cpp.o
[ 16%] Building CUDA object submods/amrex/Src/CMakeFiles/amrex.dir/Base/AMReX_MFCopyDescriptor.cpp.o
[ 16%] Building CUDA object submods/amrex/Src/CMakeFiles/amrex.dir/Base/AMReX_iMultiFab.cpp.o
[ 17%] Building CUDA object submods/amrex/Src/CMakeFiles/amrex.dir/Base/AMReX_FabArrayBase.cpp.o
[ 18%] Linking CXX static library ../../../lib/libgmock.a
[ 18%] Built target gmock
[ 18%] Building CUDA object submods/amrex/Src/CMakeFiles/amrex.dir/Base/AMReX_MFIter.cpp.o
Scanning dependencies of target gmock_main
[ 18%] Building CUDA object submods/amrex/Src/CMakeFiles/amrex.dir/Base/AMReX_CoordSys.cpp.o
[ 18%] Building CXX object submods/googletest/googlemock/CMakeFiles/gmock_main.dir/src/gmock_main.cc.o
[ 19%] Building CUDA object submods/amrex/Src/CMakeFiles/amrex.dir/Base/AMReX_Geometry.cpp.o
[ 19%] Building CUDA object submods/amrex/Src/CMakeFiles/amrex.dir/Base/AMReX_MultiFabUtil.cpp.o
[ 19%] Linking CXX static library ../../../lib/libgmock_main.a
[ 19%] Built target gmock_main
[ 19%] Building CUDA object submods/amrex/Src/CMakeFiles/amrex.dir/Base/AMReX_BCRec.cpp.o
[ 20%] Building CUDA object submods/amrex/Src/CMakeFiles/amrex.dir/Base/AMReX_PhysBCFunct.cpp.o
[ 20%] Building CUDA object submods/amrex/Src/CMakeFiles/amrex.dir/Base/AMReX_BCUtil.cpp.o
[ 20%] Building CUDA object submods/amrex/Src/CMakeFiles/amrex.dir/Base/AMReX_FilCC_C.cpp.o
[ 21%] Building CUDA object submods/amrex/Src/CMakeFiles/amrex.dir/Base/AMReX_FilND_C.cpp.o
[ 21%] Building CUDA object submods/amrex/Src/CMakeFiles/amrex.dir/Base/AMReX_NonLocalBC.cpp.o
[ 21%] Building CUDA object submods/amrex/Src/CMakeFiles/amrex.dir/Base/AMReX_PlotFileUtil.cpp.o
[ 21%] Building CUDA object submods/amrex/Src/CMakeFiles/amrex.dir/Base/AMReX_PlotFileDataImpl.cpp.o
[ 22%] Building CUDA object submods/amrex/Src/CMakeFiles/amrex.dir/Base/AMReX_GpuControl.cpp.o
[ 22%] Building CUDA object submods/amrex/Src/CMakeFiles/amrex.dir/Base/AMReX_GpuFuse.cpp.o
[ 22%] Building CUDA object submods/amrex/Src/CMakeFiles/amrex.dir/Base/AMReX_GpuDevice.cpp.o
[ 23%] Building CUDA object submods/amrex/Src/CMakeFiles/amrex.dir/Base/AMReX_GpuUtility.cpp.o
[ 23%] Building CUDA object submods/amrex/Src/CMakeFiles/amrex.dir/Base/AMReX_GpuAsyncArray.cpp.o
[ 23%] Building CUDA object submods/amrex/Src/CMakeFiles/amrex.dir/Base/AMReX_GpuElixir.cpp.o
[ 24%] Building CUDA object submods/amrex/Src/CMakeFiles/amrex.dir/Base/AMReX_Machine.cpp.o
[ 24%] Building CUDA object submods/amrex/Src/CMakeFiles/amrex.dir/Base/AMReX_MemPool.cpp.o
[ 24%] Building CUDA object submods/amrex/Src/CMakeFiles/amrex.dir/Base/AMReX_BLProfiler.cpp.o
[ 24%] Building CUDA object submods/amrex/Src/CMakeFiles/amrex.dir/Base/AMReX_BLBackTrace.cpp.o
[ 25%] Building CUDA object submods/amrex/Src/CMakeFiles/amrex.dir/Base/AMReX_TinyProfiler.cpp.o
[ 25%] Building CUDA object submods/amrex/Src/CMakeFiles/amrex.dir/Boundary/AMReX_FabSet.cpp.o
[ 25%] Building CUDA object submods/amrex/Src/CMakeFiles/amrex.dir/Boundary/AMReX_BndryRegister.cpp.o
[ 26%] Building CUDA object submods/amrex/Src/CMakeFiles/amrex.dir/Boundary/AMReX_Mask.cpp.o
[ 26%] Building CUDA object submods/amrex/Src/CMakeFiles/amrex.dir/Boundary/AMReX_MultiMask.cpp.o
[ 26%] Building CUDA object submods/amrex/Src/CMakeFiles/amrex.dir/Boundary/AMReX_BndryData.cpp.o
[ 27%] Building CUDA object submods/amrex/Src/CMakeFiles/amrex.dir/Boundary/AMReX_InterpBndryData.cpp.o
[ 27%] Building CUDA object submods/amrex/Src/CMakeFiles/amrex.dir/Boundary/AMReX_MacBndry.cpp.o
[ 27%] Building CUDA object submods/amrex/Src/CMakeFiles/amrex.dir/Boundary/AMReX_YAFluxRegister.cpp.o
[ 27%] Building CUDA object submods/amrex/Src/CMakeFiles/amrex.dir/Boundary/AMReX_LO_BCTYPES.cpp.o
[ 28%] Building CUDA object submods/amrex/Src/CMakeFiles/amrex.dir/AmrCore/AMReX_AmrCore.cpp.o
[ 28%] Building CUDA object submods/amrex/Src/CMakeFiles/amrex.dir/AmrCore/AMReX_Cluster.cpp.o
[ 28%] Building CUDA object submods/amrex/Src/CMakeFiles/amrex.dir/AmrCore/AMReX_ErrorList.cpp.o
[ 29%] Building CUDA object submods/amrex/Src/CMakeFiles/amrex.dir/AmrCore/AMReX_FillPatchUtil.cpp.o
[ 29%] Building CUDA object submods/amrex/Src/CMakeFiles/amrex.dir/AmrCore/AMReX_FluxRegister.cpp.o
[ 29%] Building CUDA object submods/amrex/Src/CMakeFiles/amrex.dir/AmrCore/AMReX_Interpolater.cpp.o
[ 30%] Building CUDA object submods/amrex/Src/CMakeFiles/amrex.dir/AmrCore/AMReX_TagBox.cpp.o
[ 30%] Building CUDA object submods/amrex/Src/CMakeFiles/amrex.dir/AmrCore/AMReX_AmrMesh.cpp.o
[ 30%] Building CUDA object submods/amrex/Src/CMakeFiles/amrex.dir/LinearSolvers/MLMG/AMReX_MLMG.cpp.o
[ 30%] Building CUDA object submods/amrex/Src/CMakeFiles/amrex.dir/LinearSolvers/MLMG/AMReX_MLMGBndry.cpp.o
[ 31%] Building CUDA object submods/amrex/Src/CMakeFiles/amrex.dir/LinearSolvers/MLMG/AMReX_MLLinOp.cpp.o
[ 31%] Building CUDA object submods/amrex/Src/CMakeFiles/amrex.dir/LinearSolvers/MLMG/AMReX_MLCellLinOp.cpp.o
[ 31%] Building CUDA object submods/amrex/Src/CMakeFiles/amrex.dir/LinearSolvers/MLMG/AMReX_MLNodeLinOp.cpp.o
[ 32%] Building CUDA object submods/amrex/Src/CMakeFiles/amrex.dir/LinearSolvers/MLMG/AMReX_MLCellABecLap.cpp.o
[ 32%] Building CUDA object submods/amrex/Src/CMakeFiles/amrex.dir/LinearSolvers/MLMG/AMReX_MLCGSolver.cpp.o
[ 32%] Building CUDA object submods/amrex/Src/CMakeFiles/amrex.dir/LinearSolvers/MLMG/AMReX_MLABecLaplacian.cpp.o
[ 33%] Building CUDA object submods/amrex/Src/CMakeFiles/amrex.dir/LinearSolvers/MLMG/AMReX_MLALaplacian.cpp.o
[ 33%] Building CUDA object submods/amrex/Src/CMakeFiles/amrex.dir/LinearSolvers/MLMG/AMReX_MLPoisson.cpp.o
[ 33%] Building CUDA object submods/amrex/Src/CMakeFiles/amrex.dir/LinearSolvers/MLMG/AMReX_MLNodeLaplacian.cpp.o
[ 33%] Building CUDA object submods/amrex/Src/CMakeFiles/amrex.dir/LinearSolvers/MLMG/AMReX_MLNodeLaplacian_sync.cpp.o
[ 34%] Building CUDA object submods/amrex/Src/CMakeFiles/amrex.dir/LinearSolvers/MLMG/AMReX_MLNodeLaplacian_sten.cpp.o
[ 34%] Building CUDA object submods/amrex/Src/CMakeFiles/amrex.dir/LinearSolvers/MLMG/AMReX_MLNodeLaplacian_misc.cpp.o
[ 34%] Building CUDA object submods/amrex/Src/CMakeFiles/amrex.dir/LinearSolvers/MLMG/AMReX_MLNodeTensorLaplacian.cpp.o
[ 35%] Building CUDA object submods/amrex/Src/CMakeFiles/amrex.dir/LinearSolvers/MLMG/AMReX_MLTensorOp.cpp.o
[ 35%] Building CUDA object submods/amrex/Src/CMakeFiles/amrex.dir/LinearSolvers/MLMG/AMReX_MLTensorOp_grad.cpp.o
[ 35%] Building CUDA object submods/amrex/Src/CMakeFiles/amrex.dir/LinearSolvers/Projections/AMReX_MacProjector.cpp.o
[ 36%] Building CUDA object submods/amrex/Src/CMakeFiles/amrex.dir/LinearSolvers/Projections/AMReX_NodalProjector.cpp.o
[ 36%] Building CUDA object submods/amrex/Src/CMakeFiles/amrex.dir/LinearSolvers/MLMG/AMReX_MLNodeLaplacian_hypre.cpp.o
[ 36%] Building CUDA object submods/amrex/Src/CMakeFiles/amrex.dir/Particle/AMReX_TracerParticles.cpp.o
[ 37%] Building CUDA object submods/amrex/Src/CMakeFiles/amrex.dir/Particle/AMReX_ParticleMPIUtil.cpp.o
[ 37%] Building CUDA object submods/amrex/Src/CMakeFiles/amrex.dir/Particle/AMReX_ParticleUtil.cpp.o
[ 37%] Building CUDA object submods/amrex/Src/CMakeFiles/amrex.dir/Particle/AMReX_ParticleBufferMap.cpp.o
[ 37%] Building CUDA object submods/amrex/Src/CMakeFiles/amrex.dir/Particle/AMReX_ParticleCommunication.cpp.o
[ 38%] Building CUDA object submods/amrex/Src/CMakeFiles/amrex.dir/Particle/AMReX_ParticleContainerBase.cpp.o
[ 38%] Building CUDA object submods/amrex/Src/CMakeFiles/amrex.dir/Extern/HYPRE/AMReX_HypreABecLap.cpp.o
[ 38%] Building CUDA object submods/amrex/Src/CMakeFiles/amrex.dir/Extern/HYPRE/AMReX_HypreABecLap2.cpp.o
[ 39%] Building CUDA object submods/amrex/Src/CMakeFiles/amrex.dir/Extern/HYPRE/AMReX_HypreABecLap3.cpp.o
[ 39%] Building CUDA object submods/amrex/Src/CMakeFiles/amrex.dir/Extern/HYPRE/AMReX_Hypre.cpp.o
[ 39%] Building CUDA object submods/amrex/Src/CMakeFiles/amrex.dir/Extern/HYPRE/AMReX_HypreNodeLap.cpp.o
[ 40%] Building CUDA object submods/amrex/Src/CMakeFiles/amrex.dir/Extern/HYPRE/AMReX_HypreIJIface.cpp.o
[ 40%] Linking CUDA static library libamrex.a
[ 40%] Built target amrex
Scanning dependencies of target ftime
Scanning dependencies of target fcompare
Scanning dependencies of target fvarnames
Scanning dependencies of target fboxinfo
Scanning dependencies of target fextract
Scanning dependencies of target fextrema
Scanning dependencies of target fsnapshot
Scanning dependencies of target fnan
[ 40%] Building CUDA object submods/amrex/Tools/Plotfile/CMakeFiles/fboxinfo.dir/fboxinfo.cpp.o
[ 41%] Building CUDA object submods/amrex/Tools/Plotfile/CMakeFiles/ftime.dir/ftime.cpp.o
[ 42%] Building CUDA object submods/amrex/Tools/Plotfile/CMakeFiles/fcompare.dir/fcompare.cpp.o
[ 43%] Building CUDA object submods/amrex/Tools/Plotfile/CMakeFiles/fvarnames.dir/fvarnames.cpp.o
[ 43%] Building CUDA object submods/amrex/Tools/Plotfile/CMakeFiles/fextract.dir/fextract.cpp.o
[ 43%] Building CUDA object submods/amrex/Tools/Plotfile/CMakeFiles/fsnapshot.dir/fsnapshot.cpp.o
[ 44%] Building CUDA object submods/amrex/Tools/Plotfile/CMakeFiles/fextrema.dir/fextrema.cpp.o
[ 45%] Building CUDA object submods/amrex/Tools/Plotfile/CMakeFiles/fsnapshot.dir/AMReX_PPMUtil.cpp.o
[ 45%] Building CUDA object submods/amrex/Tools/Plotfile/CMakeFiles/fnan.dir/fnan.cpp.o
Scanning dependencies of target amrwind_obj
[ 46%] Building CUDA object CMakeFiles/amrwind_obj.dir/amr-wind/incflo_compute_dt.cpp.o
[ 46%] Building CUDA object CMakeFiles/amrwind_obj.dir/amr-wind/incflo.cpp.o
[ 46%] Building CUDA object CMakeFiles/amrwind_obj.dir/amr-wind/incflo_advance.cpp.o
[ 46%] Building CUDA object CMakeFiles/amrwind_obj.dir/amr-wind/core/SimTime.cpp.o
[ 46%] Building CUDA object CMakeFiles/amrwind_obj.dir/amr-wind/CFDSim.cpp.o
[ 47%] Building CUDA object CMakeFiles/amrwind_obj.dir/amr-wind/incflo_regrid.cpp.o
[ 48%] Building CUDA object CMakeFiles/amrwind_obj.dir/amr-wind/core/IntField.cpp.o
[ 48%] Building CUDA object CMakeFiles/amrwind_obj.dir/amr-wind/core/Field.cpp.o
[ 49%] Linking CUDA device code CMakeFiles/fvarnames.dir/cmake_device_link.o
[ 49%] Linking CUDA device code CMakeFiles/ftime.dir/cmake_device_link.o
[ 50%] Linking CUDA device code CMakeFiles/fnan.dir/cmake_device_link.o
[ 50%] Linking CUDA device code CMakeFiles/fboxinfo.dir/cmake_device_link.o
[ 50%] Linking CUDA executable fvarnames
[ 50%] Linking CUDA device code CMakeFiles/fextrema.dir/cmake_device_link.o
[ 50%] Linking CUDA executable ftime
[ 50%] Linking CUDA executable fnan
[ 50%] Linking CUDA executable fboxinfo
[ 50%] Built target fvarnames
[ 50%] Building CUDA object CMakeFiles/amrwind_obj.dir/amr-wind/core/FieldRepo.cpp.o
[ 50%] Linking CUDA device code CMakeFiles/fsnapshot.dir/cmake_device_link.o
[ 50%] Built target ftime
[ 50%] Building CUDA object CMakeFiles/amrwind_obj.dir/amr-wind/core/ScratchField.cpp.o
[ 50%] Linking CUDA executable fextrema
[ 50%] Built target fnan
[ 51%] Building CUDA object CMakeFiles/amrwind_obj.dir/amr-wind/core/ViewField.cpp.o
[ 51%] Linking CUDA device code CMakeFiles/fextract.dir/cmake_device_link.o
[ 51%] Built target fboxinfo
[ 51%] Building CUDA object CMakeFiles/amrwind_obj.dir/amr-wind/core/MLMGOptions.cpp.o
[ 51%] Linking CUDA executable fsnapshot
[ 51%] Built target fextrema
[ 51%] Building CUDA object CMakeFiles/amrwind_obj.dir/amr-wind/boundary_conditions/BCInterface.cpp.o
[ 52%] Building CUDA object CMakeFiles/amrwind_obj.dir/amr-wind/boundary_conditions/FixedGradientBC.cpp.o
[ 52%] Linking CUDA executable fextract
[ 52%] Linking CUDA device code CMakeFiles/fcompare.dir/cmake_device_link.o
[ 52%] Built target fsnapshot
[ 52%] Building CUDA object CMakeFiles/amrwind_obj.dir/amr-wind/convection/incflo_godunov_weno.cpp.o
[ 52%] Built target fextract
[ 52%] Building CUDA object CMakeFiles/amrwind_obj.dir/amr-wind/convection/incflo_godunov_ppm.cpp.o
[ 52%] Linking CUDA executable fcompare
[ 52%] Built target fcompare
[ 53%] Building CUDA object CMakeFiles/amrwind_obj.dir/amr-wind/convection/incflo_godunov_plm.cpp.o
[ 53%] Building CUDA object CMakeFiles/amrwind_obj.dir/amr-wind/convection/incflo_godunov_predict.cpp.o
[ 53%] Building CUDA object CMakeFiles/amrwind_obj.dir/amr-wind/convection/incflo_mol_predict.cpp.o
[ 53%] Building CUDA object CMakeFiles/amrwind_obj.dir/amr-wind/convection/incflo_godunov_advection.cpp.o
[ 54%] Building CUDA object CMakeFiles/amrwind_obj.dir/amr-wind/convection/incflo_mol_fluxes.cpp.o
[ 54%] Building CUDA object CMakeFiles/amrwind_obj.dir/amr-wind/derive/field_algebra.cpp.o
[ 54%] Building CUDA object CMakeFiles/amrwind_obj.dir/amr-wind/diffusion/incflo_diffusion.cpp.o
[ 55%] Building CUDA object CMakeFiles/amrwind_obj.dir/amr-wind/projection/incflo_apply_nodal_projection.cpp.o
[ 55%] Building CUDA object CMakeFiles/amrwind_obj.dir/amr-wind/setup/init.cpp.o
[ 55%] Building CUDA object CMakeFiles/amrwind_obj.dir/amr-wind/setup/set_background_pressure.cpp.o
[ 56%] Building CUDA object CMakeFiles/amrwind_obj.dir/amr-wind/utilities/diagnostics.cpp.o
[ 56%] Building CUDA object CMakeFiles/amrwind_obj.dir/amr-wind/utilities/io.cpp.o
[ 56%] Building CUDA object CMakeFiles/amrwind_obj.dir/amr-wind/utilities/bc_ops.cpp.o
[ 57%] Building CUDA object CMakeFiles/amrwind_obj.dir/amr-wind/utilities/console_io.cpp.o
[ 57%] Building CUDA object CMakeFiles/amrwind_obj.dir/amr-wind/utilities/IOManager.cpp.o
[ 57%] Building CUDA object CMakeFiles/amrwind_obj.dir/amr-wind/utilities/FieldPlaneAveraging.cpp.o
[ 57%] Building CUDA object CMakeFiles/amrwind_obj.dir/amr-wind/utilities/SecondMomentAveraging.cpp.o
[ 58%] Building CUDA object CMakeFiles/amrwind_obj.dir/amr-wind/utilities/ThirdMomentAveraging.cpp.o
[ 58%] Building CUDA object CMakeFiles/amrwind_obj.dir/amr-wind/utilities/PostProcessing.cpp.o
[ 58%] Building CUDA object CMakeFiles/amrwind_obj.dir/amr-wind/utilities/DerivedQuantity.cpp.o
[ 59%] Building CUDA object CMakeFiles/amrwind_obj.dir/amr-wind/utilities/DerivedQtyDefs.cpp.o
[ 59%] Building CUDA object CMakeFiles/amrwind_obj.dir/amr-wind/utilities/tagging/RefinementCriteria.cpp.o
[ 59%] Building CUDA object CMakeFiles/amrwind_obj.dir/amr-wind/utilities/tagging/CartBoxRefinement.cpp.o
[ 60%] Building CUDA object CMakeFiles/amrwind_obj.dir/amr-wind/utilities/tagging/FieldRefinement.cpp.o
[ 60%] Building CUDA object CMakeFiles/amrwind_obj.dir/amr-wind/utilities/tagging/GradientMagRefinement.cpp.o
[ 60%] Building CUDA object CMakeFiles/amrwind_obj.dir/amr-wind/utilities/tagging/CurvatureRefinement.cpp.o
[ 60%] Building CUDA object CMakeFiles/amrwind_obj.dir/amr-wind/utilities/tagging/QCriterionRefinement.cpp.o
[ 61%] Building CUDA object CMakeFiles/amrwind_obj.dir/amr-wind/utilities/tagging/VorticityMagRefinement.cpp.o
[ 61%] Building CUDA object CMakeFiles/amrwind_obj.dir/amr-wind/utilities/tagging/OversetRefinement.cpp.o
[ 61%] Building CUDA object CMakeFiles/amrwind_obj.dir/amr-wind/utilities/tagging/GeometryRefinement.cpp.o
[ 62%] Building CUDA object CMakeFiles/amrwind_obj.dir/amr-wind/utilities/tagging/BoxRefiner.cpp.o
[ 62%] Building CUDA object CMakeFiles/amrwind_obj.dir/amr-wind/utilities/tagging/CylinderRefiner.cpp.o
[ 62%] Building CUDA object CMakeFiles/amrwind_obj.dir/amr-wind/utilities/sampling/Sampling.cpp.o
[ 63%] Building CUDA object CMakeFiles/amrwind_obj.dir/amr-wind/utilities/sampling/SamplingContainer.cpp.o
[ 63%] Building CUDA object CMakeFiles/amrwind_obj.dir/amr-wind/utilities/sampling/LineSampler.cpp.o
[ 63%] Building CUDA object CMakeFiles/amrwind_obj.dir/amr-wind/utilities/sampling/PlaneSampler.cpp.o
[ 63%] Building CUDA object CMakeFiles/amrwind_obj.dir/amr-wind/utilities/sampling/ProbeSampler.cpp.o
[ 64%] Building CUDA object CMakeFiles/amrwind_obj.dir/amr-wind/utilities/sampling/FieldNorms.cpp.o
[ 64%] Building CUDA object CMakeFiles/amrwind_obj.dir/amr-wind/utilities/sampling/KineticEnergy.cpp.o
[ 64%] Building CUDA object CMakeFiles/amrwind_obj.dir/amr-wind/utilities/sampling/Enstrophy.cpp.o
[ 65%] Building CUDA object CMakeFiles/amrwind_obj.dir/amr-wind/utilities/averaging/TimeAveraging.cpp.o
[ 65%] Building CUDA object CMakeFiles/amrwind_obj.dir/amr-wind/utilities/averaging/ReAveraging.cpp.o
[ 65%] Building CUDA object CMakeFiles/amrwind_obj.dir/amr-wind/utilities/averaging/ReynoldsStress.cpp.o
[ 66%] Building CUDA object CMakeFiles/amrwind_obj.dir/amr-wind/utilities/ncutils/nc_interface.cpp.o
[ 66%] Building CUDA object CMakeFiles/amrwind_obj.dir/amr-wind/wind_energy/ABL.cpp.o
[ 66%] Building CUDA object CMakeFiles/amrwind_obj.dir/amr-wind/wind_energy/ABLStats.cpp.o
[ 66%] Building CUDA object CMakeFiles/amrwind_obj.dir/amr-wind/wind_energy/ABLFieldInit.cpp.o
[ 67%] Building CUDA object CMakeFiles/amrwind_obj.dir/amr-wind/wind_energy/ABLWallFunction.cpp.o
[ 67%] Building CUDA object CMakeFiles/amrwind_obj.dir/amr-wind/wind_energy/ABLFillInflow.cpp.o
[ 67%] Building CUDA object CMakeFiles/amrwind_obj.dir/amr-wind/wind_energy/ABLBoundaryPlane.cpp.o
[ 68%] Building CUDA object CMakeFiles/amrwind_obj.dir/amr-wind/wind_energy/MOData.cpp.o
[ 68%] Building CUDA object CMakeFiles/amrwind_obj.dir/amr-wind/wind_energy/ABLWrf.cpp.o
[ 68%] Building CUDA object CMakeFiles/amrwind_obj.dir/amr-wind/wind_energy/actuator/actuator_utils.cpp.o
[ 69%] Building CUDA object CMakeFiles/amrwind_obj.dir/amr-wind/wind_energy/actuator/Actuator.cpp.o
[ 69%] Building CUDA object CMakeFiles/amrwind_obj.dir/amr-wind/wind_energy/actuator/ActuatorContainer.cpp.o
[ 69%] Building CUDA object CMakeFiles/amrwind_obj.dir/amr-wind/wind_energy/actuator/aero/AirfoilTable.cpp.o
[ 69%] Building CUDA object CMakeFiles/amrwind_obj.dir/amr-wind/wind_energy/actuator/wing/wing_ops.cpp.o
[ 70%] Building CUDA object CMakeFiles/amrwind_obj.dir/amr-wind/wind_energy/actuator/wing/FlatPlate.cpp.o
[ 70%] Building CUDA object CMakeFiles/amrwind_obj.dir/amr-wind/wind_energy/actuator/wing/FixedWing.cpp.o
[ 70%] Building CUDA object CMakeFiles/amrwind_obj.dir/amr-wind/wind_energy/actuator/turbine/turbine_utils.cpp.o
[ 71%] Building CUDA object CMakeFiles/amrwind_obj.dir/amr-wind/wind_energy/actuator/turbine/fast/FastIface.cpp.o
[ 71%] Building CUDA object CMakeFiles/amrwind_obj.dir/amr-wind/wind_energy/actuator/turbine/fast/TurbineFast.cpp.o
[ 71%] Building CUDA object CMakeFiles/amrwind_obj.dir/amr-wind/wind_energy/actuator/disk/ActuatorDisk.cpp.o
[ 72%] Building CUDA object CMakeFiles/amrwind_obj.dir/amr-wind/wind_energy/actuator/disk/uniform_ct_ops.cpp.o
[ 72%] Building CUDA object CMakeFiles/amrwind_obj.dir/amr-wind/equation_systems/PDEBase.cpp.o
[ 72%] Building CUDA object CMakeFiles/amrwind_obj.dir/amr-wind/equation_systems/DiffusionOps.cpp.o
[ 73%] Building CUDA object CMakeFiles/amrwind_obj.dir/amr-wind/equation_systems/icns/icns_advection.cpp.o
[ 73%] Building CUDA object CMakeFiles/amrwind_obj.dir/amr-wind/equation_systems/icns/icns.cpp.o
[ 73%] Building CUDA object CMakeFiles/amrwind_obj.dir/amr-wind/equation_systems/icns/source_terms/ABLForcing.cpp.o
[ 73%] Building CUDA object CMakeFiles/amrwind_obj.dir/amr-wind/equation_systems/icns/source_terms/GeostrophicForcing.cpp.o
[ 74%] Building CUDA object CMakeFiles/amrwind_obj.dir/amr-wind/equation_systems/icns/source_terms/BoussinesqBuoyancy.cpp.o
[ 74%] Building CUDA object CMakeFiles/amrwind_obj.dir/amr-wind/equation_systems/icns/source_terms/DensityBuoyancy.cpp.o
[ 74%] Building CUDA object CMakeFiles/amrwind_obj.dir/amr-wind/equation_systems/icns/source_terms/GravityForcing.cpp.o
[ 75%] Building CUDA object CMakeFiles/amrwind_obj.dir/amr-wind/equation_systems/icns/source_terms/CoriolisForcing.cpp.o
[ 75%] Building CUDA object CMakeFiles/amrwind_obj.dir/amr-wind/equation_systems/icns/source_terms/BodyForce.cpp.o
[ 75%] Building CUDA object CMakeFiles/amrwind_obj.dir/amr-wind/equation_systems/icns/source_terms/ABLMeanBoussinesq.cpp.o
[ 76%] Building CUDA object CMakeFiles/amrwind_obj.dir/amr-wind/equation_systems/icns/source_terms/ActuatorForcing.cpp.o
[ 76%] Building CUDA object CMakeFiles/amrwind_obj.dir/amr-wind/equation_systems/icns/source_terms/SynthTurbForcing.cpp.o
[ 76%] Building CUDA object CMakeFiles/amrwind_obj.dir/amr-wind/equation_systems/icns/source_terms/ABLWrfForcingMom.cpp.o
[ 76%] Building CUDA object CMakeFiles/amrwind_obj.dir/amr-wind/equation_systems/temperature/temperature.cpp.o
[ 77%] Building CUDA object CMakeFiles/amrwind_obj.dir/amr-wind/equation_systems/temperature/source_terms/ABLWrfForcingTemp.cpp.o
[ 77%] Building CUDA object CMakeFiles/amrwind_obj.dir/amr-wind/equation_systems/density/density.cpp.o
[ 77%] Building CUDA object CMakeFiles/amrwind_obj.dir/amr-wind/equation_systems/tke/TKE.cpp.o
[ 78%] Building CUDA object CMakeFiles/amrwind_obj.dir/amr-wind/equation_systems/tke/source_terms/KsgsM84Src.cpp.o
[ 78%] Building CUDA object CMakeFiles/amrwind_obj.dir/amr-wind/equation_systems/tke/source_terms/KwSSTSrc.cpp.o
[ 78%] Building CUDA object CMakeFiles/amrwind_obj.dir/amr-wind/equation_systems/sdr/SDR.cpp.o
[ 79%] Building CUDA object CMakeFiles/amrwind_obj.dir/amr-wind/equation_systems/sdr/source_terms/SDRSrc.cpp.o
[ 79%] Building CUDA object CMakeFiles/amrwind_obj.dir/amr-wind/equation_systems/levelset/levelset.cpp.o
[ 79%] Building CUDA object CMakeFiles/amrwind_obj.dir/amr-wind/equation_systems/vof/SplitAdvection.cpp.o
[ 79%] Building CUDA object CMakeFiles/amrwind_obj.dir/amr-wind/equation_systems/vof/vof.cpp.o
[ 80%] Building CUDA object CMakeFiles/amrwind_obj.dir/amr-wind/turbulence/LaminarModel.cpp.o
[ 80%] Building CUDA object CMakeFiles/amrwind_obj.dir/amr-wind/turbulence/turb_utils.cpp.o
[ 80%] Building CUDA object CMakeFiles/amrwind_obj.dir/amr-wind/turbulence/LES/Smagorinsky.cpp.o
[ 81%] Building CUDA object CMakeFiles/amrwind_obj.dir/amr-wind/turbulence/LES/OneEqKsgs.cpp.o
[ 81%] Building CUDA object CMakeFiles/amrwind_obj.dir/amr-wind/turbulence/RANS/KOmegaSST.cpp.o
[ 81%] Building CUDA object CMakeFiles/amrwind_obj.dir/amr-wind/turbulence/RANS/KOmegaSSTIDDES.cpp.o
[ 82%] Building CUDA object CMakeFiles/amrwind_obj.dir/amr-wind/physics/BoussinesqBubble.cpp.o
[ 82%] Building CUDA object CMakeFiles/amrwind_obj.dir/amr-wind/physics/BoussinesqBubbleFieldInit.cpp.o
[ 82%] Building CUDA object CMakeFiles/amrwind_obj.dir/amr-wind/physics/ChannelFlow.cpp.o
[ 82%] Building CUDA object CMakeFiles/amrwind_obj.dir/amr-wind/physics/RayleighTaylor.cpp.o
[ 83%] Building CUDA object CMakeFiles/amrwind_obj.dir/amr-wind/physics/RayleighTaylorFieldInit.cpp.o
[ 83%] Building CUDA object CMakeFiles/amrwind_obj.dir/amr-wind/physics/TaylorGreenVortex.cpp.o
[ 83%] Building CUDA object CMakeFiles/amrwind_obj.dir/amr-wind/physics/FreeStream.cpp.o
[ 84%] Building CUDA object CMakeFiles/amrwind_obj.dir/amr-wind/physics/ConvectingTaylorVortex.cpp.o
[ 84%] Building CUDA object CMakeFiles/amrwind_obj.dir/amr-wind/physics/EkmanSpiral.cpp.o
[ 84%] Building CUDA object CMakeFiles/amrwind_obj.dir/amr-wind/physics/SyntheticTurbulence.cpp.o
[ 85%] Building CUDA object CMakeFiles/amrwind_obj.dir/amr-wind/physics/HybridRANSLESABL.cpp.o
[ 85%] Building CUDA object CMakeFiles/amrwind_obj.dir/amr-wind/physics/multiphase/MultiPhase.cpp.o
[ 85%] Building CUDA object CMakeFiles/amrwind_obj.dir/amr-wind/physics/multiphase/VortexPatch.cpp.o
[ 86%] Building CUDA object CMakeFiles/amrwind_obj.dir/amr-wind/physics/multiphase/ZalesakDisk.cpp.o
[ 86%] Building CUDA object CMakeFiles/amrwind_obj.dir/amr-wind/physics/multiphase/DamBreak.cpp.o
[ 86%] Building CUDA object CMakeFiles/amrwind_obj.dir/amr-wind/physics/multiphase/SloshingTank.cpp.o
[ 86%] Building CUDA object CMakeFiles/amrwind_obj.dir/amr-wind/physics/multiphase/RainDrop.cpp.o
[ 87%] Building CUDA object CMakeFiles/amrwind_obj.dir/amr-wind/physics/multiphase/wave_basin/NWB.cpp.o
[ 87%] Building CUDA object CMakeFiles/amrwind_obj.dir/amr-wind/physics/udfs/UDF.cpp.o
[ 87%] Building CUDA object CMakeFiles/amrwind_obj.dir/amr-wind/physics/udfs/LinearProfile.cpp.o
[ 88%] Building CUDA object CMakeFiles/amrwind_obj.dir/amr-wind/physics/udfs/PowerLawProfile.cpp.o
[ 88%] Building CUDA object CMakeFiles/amrwind_obj.dir/amr-wind/overset/TiogaInterface.cpp.o
[ 88%] Built target amrwind_obj
Scanning dependencies of target amrwind_api
[ 88%] Linking CUDA device code CMakeFiles/amrwind_api.dir/cmake_device_link.o
Scanning dependencies of target amr_wind
Scanning dependencies of target amr_wind_refine_chkpt
[ 88%] Building CUDA object CMakeFiles/amr_wind.dir/amr-wind/main.cpp.o
[ 88%] Building CUDA object tools/utilities/refine-chkpt/CMakeFiles/amr_wind_refine_chkpt.dir/refine_chkpt.cpp.o
[ 89%] Building CUDA object tools/utilities/refine-chkpt/CMakeFiles/amr_wind_refine_chkpt.dir/RefineCheckpt.cpp.o
Scanning dependencies of target amr_wind_unit_tests
[ 89%] Building CUDA object CMakeFiles/amr_wind_unit_tests.dir/unit_tests/utest_main.cpp.o
[ 89%] Building CUDA object CMakeFiles/amr_wind_unit_tests.dir/unit_tests/test_config.cpp.o
[ 90%] Building CUDA object CMakeFiles/amr_wind_unit_tests.dir/unit_tests/core/test_field.cpp.o
[ 90%] Building CUDA object CMakeFiles/amr_wind_unit_tests.dir/unit_tests/core/test_simtime.cpp.o
[ 90%] Building CUDA object CMakeFiles/amr_wind_unit_tests.dir/unit_tests/core/test_field_ops.cpp.o
[ 90%] Building CUDA object CMakeFiles/amr_wind_unit_tests.dir/unit_tests/core/physics_test_utils.cpp.o
[ 90%] Building CUDA object CMakeFiles/amr_wind_unit_tests.dir/unit_tests/aw_test_utils/AmrTestMesh.cpp.o
[ 90%] Building CUDA object CMakeFiles/amr_wind_unit_tests.dir/unit_tests/aw_test_utils/MeshTest.cpp.o
[ 91%] Building CUDA object CMakeFiles/amr_wind_unit_tests.dir/unit_tests/aw_test_utils/pp_utils.cpp.o
[ 91%] Building CUDA object CMakeFiles/amr_wind_unit_tests.dir/unit_tests/wind_energy/abl_test_utils.cpp.o
[ 91%] Building CUDA object CMakeFiles/amr_wind_unit_tests.dir/unit_tests/core/vs/test_vspace.cpp.o
[ 92%] Building CUDA object CMakeFiles/amr_wind_unit_tests.dir/unit_tests/core/test_physics.cpp.o
[ 92%] Linking CXX shared library libamrwind_api.so
[ 92%] Built target amrwind_api
[ 93%] Building CUDA object CMakeFiles/amr_wind_unit_tests.dir/unit_tests/wind_energy/test_abl_init.cpp.o
[ 93%] Building CUDA object CMakeFiles/amr_wind_unit_tests.dir/unit_tests/wind_energy/test_abl_src.cpp.o
[ 93%] Building CUDA object CMakeFiles/amr_wind_unit_tests.dir/unit_tests/wind_energy/actuator/test_actuator_sampling.cpp.o
[ 93%] Building CUDA object CMakeFiles/amr_wind_unit_tests.dir/unit_tests/wind_energy/actuator/test_actuator_flat_plate.cpp.o
[ 94%] Building CUDA object CMakeFiles/amr_wind_unit_tests.dir/unit_tests/wind_energy/actuator/test_airfoil.cpp.o
[ 94%] Linking CUDA device code CMakeFiles/amr_wind.dir/cmake_device_link.o
[ 94%] Building CUDA object CMakeFiles/amr_wind_unit_tests.dir/unit_tests/wind_energy/actuator/test_actuator_free_functions.cpp.o
[ 94%] Linking CUDA device code CMakeFiles/amr_wind_refine_chkpt.dir/cmake_device_link.o
[ 94%] Linking CXX executable amr_wind
[ 94%] Building CUDA object CMakeFiles/amr_wind_unit_tests.dir/unit_tests/wind_energy/actuator/test_disk_uniform_ct.cpp.o
[ 95%] Building CUDA object CMakeFiles/amr_wind_unit_tests.dir/unit_tests/wind_energy/actuator/test_fast_iface.cpp.o
[ 96%] Linking CXX executable amr_wind_refine_chkpt
[ 96%] Building CUDA object CMakeFiles/amr_wind_unit_tests.dir/unit_tests/wind_energy/actuator/test_turbine_fast.cpp.o
[ 96%] Built target amr_wind
[ 96%] Building CUDA object CMakeFiles/amr_wind_unit_tests.dir/unit_tests/utilities/test_refinement.cpp.o
[ 97%] Building CUDA object CMakeFiles/amr_wind_unit_tests.dir/unit_tests/utilities/test_plane_averaging.cpp.o
[ 97%] Building CUDA object CMakeFiles/amr_wind_unit_tests.dir/unit_tests/utilities/test_field_plane_averaging.cpp.o
[ 97%] Building CUDA object CMakeFiles/amr_wind_unit_tests.dir/unit_tests/utilities/test_second_moment.cpp.o
[ 97%] Built target amr_wind_refine_chkpt
[ 97%] Building CUDA object CMakeFiles/amr_wind_unit_tests.dir/unit_tests/utilities/test_sampling.cpp.o
[ 98%] Building CUDA object CMakeFiles/amr_wind_unit_tests.dir/unit_tests/utilities/test_linear_interpolation.cpp.o
[ 98%] Building CUDA object CMakeFiles/amr_wind_unit_tests.dir/unit_tests/utilities/test_ncutils.cpp.o
[ 98%] Building CUDA object CMakeFiles/amr_wind_unit_tests.dir/unit_tests/equation_systems/test_pde.cpp.o
[ 99%] Building CUDA object CMakeFiles/amr_wind_unit_tests.dir/unit_tests/turbulence/test_turbulence_init.cpp.o
[ 99%] Building CUDA object CMakeFiles/amr_wind_unit_tests.dir/unit_tests/fvm/test_fvm_curvature.cpp.o
[ 99%] Building CUDA object CMakeFiles/amr_wind_unit_tests.dir/unit_tests/fvm/test_fvm_operators.cpp.o
[100%] Building CUDA object CMakeFiles/amr_wind_unit_tests.dir/unit_tests/fvm/test_fvm_ops.cpp.o
[100%] Linking CUDA device code CMakeFiles/amr_wind_unit_tests.dir/cmake_device_link.o
[100%] Linking CXX executable amr_wind_unit_tests
[100%] Built target amr_wind_unit_tests
