Performing C SOURCE FILE Test CMAKE_HAVE_LIBC_PTHREAD failed with the following output:
Change Dir: /gpfs/alpine/cfd142/scratch/tchatte3/codes_rebase/amr-wind/build-gcc/CMakeFiles/CMakeTmp

Run Build Command(s):/usr/bin/gmake cmTC_45a68/fast && /usr/bin/gmake -f CMakeFiles/cmTC_45a68.dir/build.make CMakeFiles/cmTC_45a68.dir/build
gmake[1]: Entering directory `/gpfs/alpine/cfd142/scratch/tchatte3/codes_rebase/amr-wind/build-gcc/CMakeFiles/CMakeTmp'
Building C object CMakeFiles/cmTC_45a68.dir/src.c.o
/sw/summit/gcc/7.4.0/bin/gcc   -DCMAKE_HAVE_LIBC_PTHREAD   -o CMakeFiles/cmTC_45a68.dir/src.c.o   -c /gpfs/alpine/cfd142/scratch/tchatte3/codes_rebase/amr-wind/build-gcc/CMakeFiles/CMakeTmp/src.c
Linking C executable cmTC_45a68
/autofs/nccs-svm1_sw/summit/.swci/0-core/opt/spack/20180914/linux-rhel7-ppc64le/gcc-4.8.5/cmake-3.15.2-xit2o3iepxvqbyku77lwcugufilztu7t/bin/cmake -E cmake_link_script CMakeFiles/cmTC_45a68.dir/link.txt --verbose=1
/sw/summit/gcc/7.4.0/bin/gcc  -DCMAKE_HAVE_LIBC_PTHREAD    CMakeFiles/cmTC_45a68.dir/src.c.o  -o cmTC_45a68 
CMakeFiles/cmTC_45a68.dir/src.c.o: In function `main':
src.c:(.text+0x64): undefined reference to `pthread_create'
src.c:(.text+0x74): undefined reference to `pthread_detach'
src.c:(.text+0x88): undefined reference to `pthread_join'
src.c:(.text+0x9c): undefined reference to `pthread_atfork'
/usr/bin/ld: link errors found, deleting executable `cmTC_45a68'
collect2: error: ld returned 1 exit status
gmake[1]: *** [cmTC_45a68] Error 1
gmake[1]: Leaving directory `/gpfs/alpine/cfd142/scratch/tchatte3/codes_rebase/amr-wind/build-gcc/CMakeFiles/CMakeTmp'
gmake: *** [cmTC_45a68/fast] Error 2


Source file was:
#include <pthread.h>

void* test_func(void* data)
{
  return data;
}

int main(void)
{
  pthread_t thread;
  pthread_create(&thread, NULL, test_func, NULL);
  pthread_detach(thread);
  pthread_join(thread, NULL);
  pthread_atfork(NULL, NULL, NULL);
  pthread_exit(NULL);

  return 0;
}

The MPI test test_mpi for Fortran in mode F08_MODULE failed to compile with the following output:
Change Dir: /gpfs/alpine/cfd142/scratch/tchatte3/codes_rebase/amr-wind/build-gcc/CMakeFiles/CMakeTmp

Run Build Command(s):/usr/bin/gmake cmTC_3a902/fast && /usr/bin/gmake -f CMakeFiles/cmTC_3a902.dir/build.make CMakeFiles/cmTC_3a902.dir/build
gmake[1]: Entering directory `/gpfs/alpine/cfd142/scratch/tchatte3/codes_rebase/amr-wind/build-gcc/CMakeFiles/CMakeTmp'
Building Fortran object CMakeFiles/cmTC_3a902.dir/test_mpi.f90.o
/sw/summit/gcc/7.4.0/bin/gfortran  -I/autofs/nccs-svm1_sw/summit/.swci/1-compute/opt/spack/20180914/linux-rhel7-ppc64le/gcc-7.4.0/spectrum-mpi-10.3.1.2-20200121-eu2wh5ypz6ipvokwbng2m5ihug6doysh/include -I/autofs/nccs-svm1_sw/summit/.swci/1-compute/opt/spack/20180914/linux-rhel7-ppc64le/gcc-7.4.0/spectrum-mpi-10.3.1.2-20200121-eu2wh5ypz6ipvokwbng2m5ihug6doysh/lib  -pthread -c /gpfs/alpine/cfd142/scratch/tchatte3/codes_rebase/amr-wind/build-gcc/CMakeFiles/FindMPI/test_mpi.f90 -o CMakeFiles/cmTC_3a902.dir/test_mpi.f90.o
/gpfs/alpine/cfd142/scratch/tchatte3/codes_rebase/amr-wind/build-gcc/CMakeFiles/FindMPI/test_mpi.f90:2:10:

       use mpi_f08
          1
Fatal Error: Can't open module file 'mpi_f08.mod' for reading at (1): No such file or directory
compilation terminated.
gmake[1]: *** [CMakeFiles/cmTC_3a902.dir/test_mpi.f90.o] Error 1
gmake[1]: Leaving directory `/gpfs/alpine/cfd142/scratch/tchatte3/codes_rebase/amr-wind/build-gcc/CMakeFiles/CMakeTmp'
gmake: *** [cmTC_3a902/fast] Error 2



